0 info it worked if it ends with ok
1 verbose cli [ 'node', '/usr/local/bin/npm', 'install', '-g', 'pure-generator' ]
2 info using npm@1.4.28
3 info using node@v0.10.33
4 verbose cache add [ 'pure-generator', null ]
5 verbose cache add name=undefined spec="pure-generator" args=["pure-generator",null]
6 verbose parsed url { protocol: null,
6 verbose parsed url   slashes: null,
6 verbose parsed url   auth: null,
6 verbose parsed url   host: null,
6 verbose parsed url   port: null,
6 verbose parsed url   hostname: null,
6 verbose parsed url   hash: null,
6 verbose parsed url   search: null,
6 verbose parsed url   query: null,
6 verbose parsed url   pathname: 'pure-generator',
6 verbose parsed url   path: 'pure-generator',
6 verbose parsed url   href: 'pure-generator' }
7 silly lockFile e74cdf3d-pure-generator pure-generator
8 verbose lock pure-generator /Users/admin/.npm/e74cdf3d-pure-generator.lock
9 silly lockFile e74cdf3d-pure-generator pure-generator
10 silly lockFile e74cdf3d-pure-generator pure-generator
11 verbose addNamed [ 'pure-generator', '' ]
12 verbose addNamed [ null, '*' ]
13 silly lockFile 72076257-pure-generator pure-generator@
14 verbose lock pure-generator@ /Users/admin/.npm/72076257-pure-generator.lock
15 silly addNameRange { name: 'pure-generator', range: '*', hasData: false }
16 verbose request where is /pure-generator
17 verbose request registry https://registry.npmjs.org/
18 verbose request id 904a29389ba75d15
19 verbose url raw /pure-generator
20 verbose url resolving [ 'https://registry.npmjs.org/', './pure-generator' ]
21 verbose url resolved https://registry.npmjs.org/pure-generator
22 verbose request where is https://registry.npmjs.org/pure-generator
23 info trying registry request attempt 1 at 11:55:45
24 http GET https://registry.npmjs.org/pure-generator
25 http 404 https://registry.npmjs.org/pure-generator
26 verbose headers { server: 'CouchDB/1.5.0 (Erlang OTP/R16B03)',
26 verbose headers   'content-type': 'application/json',
26 verbose headers   'cache-control': 'max-age=0',
26 verbose headers   'content-length': '51',
26 verbose headers   'accept-ranges': 'bytes',
26 verbose headers   date: 'Wed, 29 Apr 2015 03:55:46 GMT',
26 verbose headers   via: '1.1 varnish',
26 verbose headers   age: '0',
26 verbose headers   connection: 'keep-alive',
26 verbose headers   'x-served-by': 'cache-nrt6130-NRT',
26 verbose headers   'x-cache': 'MISS',
26 verbose headers   'x-cache-hits': '0',
26 verbose headers   'x-timer': 'S1430279746.468701,VS0,VE182' }
27 silly registry.get cb [ 404,
27 silly registry.get   { server: 'CouchDB/1.5.0 (Erlang OTP/R16B03)',
27 silly registry.get     'content-type': 'application/json',
27 silly registry.get     'cache-control': 'max-age=0',
27 silly registry.get     'content-length': '51',
27 silly registry.get     'accept-ranges': 'bytes',
27 silly registry.get     date: 'Wed, 29 Apr 2015 03:55:46 GMT',
27 silly registry.get     via: '1.1 varnish',
27 silly registry.get     age: '0',
27 silly registry.get     connection: 'keep-alive',
27 silly registry.get     'x-served-by': 'cache-nrt6130-NRT',
27 silly registry.get     'x-cache': 'MISS',
27 silly registry.get     'x-cache-hits': '0',
27 silly registry.get     'x-timer': 'S1430279746.468701,VS0,VE182' } ]
28 silly lockFile 72076257-pure-generator pure-generator@
29 silly lockFile 72076257-pure-generator pure-generator@
30 error 404 404 Not Found: pure-generator
30 error 404
30 error 404 'pure-generator' is not in the npm registry.
30 error 404 You should bug the author to publish it
30 error 404
30 error 404 Note that you can also install from a
30 error 404 tarball, folder, or http url, or git url.
31 error System Darwin 13.3.0
32 error command "node" "/usr/local/bin/npm" "install" "-g" "pure-generator"
33 error cwd /Library/WebServer/Documents/poco/yueyue_mobile/mobile
34 error node -v v0.10.33
35 error npm -v 1.4.28
36 error code E404
37 verbose exit [ 1, true ]
