0 info it worked if it ends with ok
1 verbose cli [ 'C:\\Program Files\\nodejs\\\\node.exe',
1 verbose cli   'C:\\Program Files\\nodejs\\node_modules\\npm\\bin\\npm-cli.js',
1 verbose cli   'install',
1 verbose cli   '-g',
1 verbose cli   'fis-parser-handlebars@1.3.0' ]
2 info using npm@1.4.28
3 info using node@v0.10.35
4 verbose node symlink C:\Program Files\nodejs\\node.exe
5 verbose cache add [ 'fis-parser-handlebars@1.3.0', null ]
6 verbose cache add name=undefined spec="fis-parser-handlebars@1.3.0" args=["fis-parser-handlebars@1.3.0",null]
7 verbose parsed url { protocol: null,
7 verbose parsed url   slashes: null,
7 verbose parsed url   auth: null,
7 verbose parsed url   host: null,
7 verbose parsed url   port: null,
7 verbose parsed url   hostname: null,
7 verbose parsed url   hash: null,
7 verbose parsed url   search: null,
7 verbose parsed url   query: null,
7 verbose parsed url   pathname: 'fis-parser-handlebars@1.3.0',
7 verbose parsed url   path: 'fis-parser-handlebars@1.3.0',
7 verbose parsed url   href: 'fis-parser-handlebars@1.3.0' }
8 verbose cache add name="fis-parser-handlebars" spec="1.3.0" args=["fis-parser-handlebars","1.3.0"]
9 verbose parsed url { protocol: null,
9 verbose parsed url   slashes: null,
9 verbose parsed url   auth: null,
9 verbose parsed url   host: null,
9 verbose parsed url   port: null,
9 verbose parsed url   hostname: null,
9 verbose parsed url   hash: null,
9 verbose parsed url   search: null,
9 verbose parsed url   query: null,
9 verbose parsed url   pathname: '1.3.0',
9 verbose parsed url   path: '1.3.0',
9 verbose parsed url   href: '1.3.0' }
10 verbose addNamed [ 'fis-parser-handlebars', '1.3.0' ]
11 verbose addNamed [ '1.3.0', '1.3.0' ]
12 silly lockFile 402cb7a2-fis-parser-handlebars-1-3-0 fis-parser-handlebars@1.3.0
13 verbose lock fis-parser-handlebars@1.3.0 C:\Users\pocouser\AppData\Roaming\npm-cache\402cb7a2-fis-parser-handlebars-1-3-0.lock
14 verbose request where is /fis-parser-handlebars
15 verbose request registry https://registry.npmjs.org/
16 verbose request id 5252900d44a6b95f
17 verbose url raw /fis-parser-handlebars
18 verbose url resolving [ 'https://registry.npmjs.org/', './fis-parser-handlebars' ]
19 verbose url resolved https://registry.npmjs.org/fis-parser-handlebars
20 verbose request where is https://registry.npmjs.org/fis-parser-handlebars
21 info trying registry request attempt 1 at 14:58:27
22 verbose etag "9FQC4X0CJ8E406XDG23OJL87B"
23 http GET https://registry.npmjs.org/fis-parser-handlebars
24 http 304 https://registry.npmjs.org/fis-parser-handlebars
25 silly registry.get cb [ 304,
25 silly registry.get   { date: 'Wed, 08 Apr 2015 06:58:28 GMT',
25 silly registry.get     server: 'Apache',
25 silly registry.get     via: '1.1 varnish',
25 silly registry.get     'last-modified': 'Wed, 08 Apr 2015 06:58:28 GMT',
25 silly registry.get     'cache-control': 'max-age=60',
25 silly registry.get     etag: '"9FQC4X0CJ8E406XDG23OJL87B"',
25 silly registry.get     age: '0',
25 silly registry.get     'x-served-by': 'cache-nrt6123-NRT',
25 silly registry.get     'x-cache': 'MISS',
25 silly registry.get     'x-cache-hits': '0',
25 silly registry.get     'x-timer': 'S1428476308.701425,VS0,VE187',
25 silly registry.get     vary: 'Accept',
25 silly registry.get     'content-length': '0',
25 silly registry.get     'keep-alive': 'timeout=10, max=50',
25 silly registry.get     connection: 'Keep-Alive' } ]
26 verbose etag https://registry.npmjs.org/fis-parser-handlebars from cache
27 silly lockFile 402cb7a2-fis-parser-handlebars-1-3-0 fis-parser-handlebars@1.3.0
28 silly lockFile 402cb7a2-fis-parser-handlebars-1-3-0 fis-parser-handlebars@1.3.0
29 error Error: version not found: fis-parser-handlebars@1.3.0
29 error     at C:\Program Files\nodejs\node_modules\npm\lib\cache\add-named.js:125:12
29 error     at saved (C:\Program Files\nodejs\node_modules\npm\node_modules\npm-registry-client\lib\get.js:167:7)
29 error     at Object.oncomplete (fs.js:108:15)
30 error If you need help, you may report this *entire* log,
30 error including the npm and node versions, at:
30 error     <http://github.com/npm/npm/issues>
31 error System Windows_NT 6.2.9200
32 error command "C:\\Program Files\\nodejs\\\\node.exe" "C:\\Program Files\\nodejs\\node_modules\\npm\\bin\\npm-cli.js" "install" "-g" "fis-parser-handlebars@1.3.0"
33 error cwd D:\hudingwenwork\code\poco\yueyue_mobile\src\pai
34 error node -v v0.10.35
35 error npm -v 1.4.28
36 verbose exit [ 1, true ]
